d:\work\opengl\project\learn\learn\x64\debug\vc141.pdb
d:\work\opengl\project\learn\learn\x64\debug\vc141.idb
d:\work\opengl\project\learn\learn\x64\debug\stb_image.obj
d:\work\opengl\project\learn\learn\x64\debug\main.obj
d:\work\opengl\project\learn\learn\x64\debug\log.obj
d:\work\opengl\project\learn\learn\x64\debug\shader.obj
d:\work\opengl\project\learn\learn\x64\debug\camera.obj
d:\work\opengl\project\learn\learn\x64\debug\glad.obj
d:\work\opengl\project\learn\learn\x64\debug\lightmain.obj
d:\work\opengl\project\learn\learn\x64\debug\entry.obj
d:\work\opengl\project\learn\learn\x64\debug\firstmain.obj
d:\work\opengl\project\learn\learn\x64\debug\texture.obj
d:\work\opengl\project\learn\learn\x64\debug\modelmain.obj
d:\work\opengl\project\learn\learn\x64\debug\mesh.obj
d:\work\opengl\project\learn\learn\x64\debug\model.obj
d:\work\opengl\project\learn\x64\debug\learn.exe
d:\work\opengl\project\learn\x64\debug\learn.ilk
d:\work\opengl\project\learn\x64\debug\learn.pdb
d:\work\opengl\project\learn\learn\x64\debug\learn.tlog\cl.command.1.tlog
d:\work\opengl\project\learn\learn\x64\debug\learn.tlog\cl.read.1.tlog
d:\work\opengl\project\learn\learn\x64\debug\learn.tlog\cl.write.1.tlog
d:\work\opengl\project\learn\learn\x64\debug\learn.tlog\link.command.1.tlog
d:\work\opengl\project\learn\learn\x64\debug\learn.tlog\link.read.1.tlog
d:\work\opengl\project\learn\learn\x64\debug\learn.tlog\link.write.1.tlog
